TN:
SF:C:\Users\lenovo\Desktop\Chat Yuechen Qi\app.js
FN:46,(anonymous_0)
FN:51,(anonymous_1)
FNF:2
FNH:0
FNDA:0,(anonymous_0)
FNDA:0,(anonymous_1)
DA:1,1
DA:2,1
DA:3,1
DA:4,1
DA:5,1
DA:6,1
DA:7,1
DA:8,1
DA:11,1
DA:13,1
DA:14,1
DA:16,1
DA:17,1
DA:22,1
DA:25,1
DA:27,1
DA:28,1
DA:30,1
DA:31,1
DA:32,1
DA:35,1
DA:36,1
DA:38,1
DA:43,1
DA:46,1
DA:47,0
DA:51,1
DA:53,0
DA:54,0
DA:57,0
DA:58,0
DA:61,1
DA:99,1
LF:33
LH:28
BRDA:54,0,0,0
BRDA:54,0,1,0
BRDA:57,1,0,0
BRDA:57,1,1,0
BRF:4
BRH:0
end_of_record
TN:
SF:C:\Users\lenovo\Desktop\Chat Yuechen Qi\config.js
FN:4,(anonymous_0)
FN:7,(anonymous_1)
FN:11,(anonymous_2)
FN:15,(anonymous_3)
FN:16,(anonymous_4)
FN:20,(anonymous_5)
FN:21,(anonymous_6)
FN:25,(anonymous_7)
FN:55,(anonymous_8)
FNF:9
FNH:9
FNDA:1,(anonymous_0)
FNDA:2,(anonymous_1)
FNDA:1,(anonymous_2)
FNDA:1,(anonymous_3)
FNDA:1,(anonymous_4)
FNDA:1,(anonymous_5)
FNDA:1,(anonymous_6)
FNDA:1,(anonymous_7)
FNDA:1,(anonymous_8)
DA:1,1
DA:5,1
DA:9,2
DA:13,1
DA:16,1
DA:17,1
DA:21,1
DA:22,1
DA:26,1
DA:56,1
LF:10
LH:10
BRF:0
BRH:0
end_of_record
TN:
SF:C:\Users\lenovo\Desktop\Chat Yuechen Qi\models\friend.js
FNF:0
FNH:0
DA:1,1
DA:2,1
DA:4,1
DA:20,1
LF:4
LH:4
BRF:0
BRH:0
end_of_record
TN:
SF:C:\Users\lenovo\Desktop\Chat Yuechen Qi\models\group.js
FNF:0
FNH:0
DA:1,1
DA:2,1
DA:4,1
DA:15,1
LF:4
LH:4
BRF:0
BRH:0
end_of_record
TN:
SF:C:\Users\lenovo\Desktop\Chat Yuechen Qi\models\messageUser.js
FNF:0
FNH:0
DA:1,1
DA:2,1
DA:4,1
DA:13,1
LF:4
LH:4
BRF:0
BRH:0
end_of_record
TN:
SF:C:\Users\lenovo\Desktop\Chat Yuechen Qi\models\user.js
FNF:0
FNH:0
DA:1,1
DA:2,1
DA:4,1
DA:23,1
LF:4
LH:4
BRF:0
BRH:0
end_of_record
TN:
SF:C:\Users\lenovo\Desktop\Chat Yuechen Qi\routes\index.js
FN:10,(anonymous_0)
FNF:1
FNH:0
FNDA:0,(anonymous_0)
DA:1,1
DA:2,1
DA:4,1
DA:5,1
DA:6,1
DA:7,1
DA:8,1
DA:10,1
DA:11,0
DA:14,1
DA:21,1
LF:11
LH:10
BRF:0
BRH:0
end_of_record
TN:
SF:C:\Users\lenovo\Desktop\Chat Yuechen Qi\routes\router\auth.js
FN:9,(anonymous_0)
FN:40,(anonymous_1)
FN:60,(anonymous_2)
FN:111,(anonymous_3)
FNF:4
FNH:4
FNDA:4,(anonymous_0)
FNDA:3,(anonymous_1)
FNDA:1,(anonymous_2)
FNDA:1,(anonymous_3)
DA:1,1
DA:2,1
DA:3,1
DA:4,1
DA:5,1
DA:6,1
DA:9,1
DA:10,4
DA:13,4
DA:14,3
DA:15,3
DA:18,3
DA:25,0
DA:32,1
DA:40,1
DA:41,3
DA:42,3
DA:51,3
DA:52,3
DA:60,1
DA:63,1
DA:64,1
DA:65,1
DA:66,0
DA:72,1
DA:81,1
DA:86,1
DA:92,1
DA:93,1
DA:94,1
DA:95,1
DA:96,1
DA:102,0
DA:111,1
DA:112,1
DA:114,1
DA:115,1
DA:128,1
LF:38
LH:35
BRDA:13,0,0,3
BRDA:13,0,1,1
BRDA:14,1,0,3
BRDA:14,1,1,0
BRDA:65,2,0,0
BRDA:65,2,1,1
BRDA:93,3,0,1
BRDA:93,3,1,0
BRDA:115,4,0,1
BRDA:115,4,1,0
BRF:10
BRH:6
end_of_record
TN:
SF:C:\Users\lenovo\Desktop\Chat Yuechen Qi\routes\router\chat.js
FN:8,(anonymous_0)
FN:27,(anonymous_1)
FNF:2
FNH:2
FNDA:1,(anonymous_0)
FNDA:1,(anonymous_1)
DA:1,1
DA:2,1
DA:3,1
DA:6,1
DA:9,1
DA:10,1
DA:20,1
DA:28,1
DA:29,1
DA:34,1
DA:35,1
DA:36,1
DA:42,0
DA:49,1
LF:14
LH:13
BRDA:35,0,0,1
BRDA:35,0,1,0
BRF:2
BRH:1
end_of_record
TN:
SF:C:\Users\lenovo\Desktop\Chat Yuechen Qi\routes\router\friend.js
FN:8,(anonymous_0)
FN:22,(anonymous_1)
FN:28,(anonymous_2)
FN:38,(anonymous_3)
FN:50,(anonymous_4)
FNF:5
FNH:3
FNDA:1,(anonymous_0)
FNDA:1,(anonymous_1)
FNDA:0,(anonymous_2)
FNDA:0,(anonymous_3)
FNDA:1,(anonymous_4)
DA:1,1
DA:2,1
DA:4,1
DA:5,1
DA:8,1
DA:9,1
DA:10,1
DA:11,1
DA:14,1
DA:22,1
DA:23,1
DA:25,1
DA:27,1
DA:28,1
DA:30,0
DA:31,0
DA:32,0
DA:33,0
DA:35,0
DA:36,0
DA:38,1
DA:39,0
DA:42,1
DA:50,1
DA:51,1
DA:52,1
DA:53,1
DA:54,1
DA:55,1
DA:56,1
DA:57,1
DA:58,1
DA:59,1
DA:60,1
DA:61,1
DA:66,0
DA:68,0
DA:69,0
DA:75,0
DA:89,1
LF:40
LH:29
BRDA:30,0,0,0
BRDA:30,0,1,0
BRDA:30,0,2,0
BRDA:53,1,0,1
BRDA:53,1,1,0
BRDA:66,2,0,0
BRDA:66,2,1,0
BRF:7
BRH:1
end_of_record
TN:
SF:C:\Users\lenovo\Desktop\Chat Yuechen Qi\routes\router\message.js
FN:8,(anonymous_0)
FNF:1
FNH:1
FNDA:1,(anonymous_0)
DA:1,1
DA:2,1
DA:4,1
DA:5,1
DA:8,1
DA:13,1
DA:15,1
DA:17,1
DA:18,1
DA:25,1
LF:10
LH:10
BRF:0
BRH:0
end_of_record
TN:
SF:C:\Users\lenovo\Desktop\Chat Yuechen Qi\routes\router\user.js
FN:8,(anonymous_0)
FN:18,(anonymous_1)
FN:27,(anonymous_2)
FN:49,(anonymous_3)
FN:73,(anonymous_4)
FNF:5
FNH:5
FNDA:1,(anonymous_0)
FNDA:3,(anonymous_1)
FNDA:2,(anonymous_2)
FNDA:1,(anonymous_3)
FNDA:5,(anonymous_4)
DA:1,1
DA:2,1
DA:4,1
DA:8,1
DA:9,1
DA:10,1
DA:18,1
DA:19,3
DA:27,1
DA:28,2
DA:29,2
DA:30,2
DA:33,2
DA:34,1
DA:41,1
DA:49,1
DA:54,1
DA:55,1
DA:56,1
DA:57,1
DA:58,1
DA:65,0
DA:73,1
DA:74,5
DA:77,5
DA:78,5
DA:84,0
DA:96,1
LF:28
LH:26
BRDA:29,0,0,2
BRDA:29,0,1,0
BRDA:33,1,0,1
BRDA:33,1,1,1
BRDA:55,2,0,1
BRDA:55,2,1,0
BRDA:57,3,0,1
BRDA:57,3,1,0
BRDA:77,4,0,5
BRDA:77,4,1,0
BRF:10
BRH:6
end_of_record
